0 info it worked if it ends with ok
1 verbose cli [ '/usr/local/Cellar/node/6.2.2/bin/node',
1 verbose cli   '/usr/local/bin/npm',
1 verbose cli   'publish' ]
2 info using npm@3.9.5
3 info using node@v6.2.2
4 verbose publish [ '.' ]
5 silly cache add args [ '.', null ]
6 verbose cache add spec .
7 silly cache add parsed spec Result {
7 silly cache add   raw: '.',
7 silly cache add   scope: null,
7 silly cache add   name: null,
7 silly cache add   rawSpec: '.',
7 silly cache add   spec: '/Users/Scott.Burch/work/libs/reactiveStore',
7 silly cache add   type: 'directory' }
8 verbose addLocalDirectory /Users/Scott.Burch/.npm/reactive-store/1.0.2/package.tgz not in flight; packing
9 verbose correctMkdir /Users/Scott.Burch/.npm correctMkdir not in flight; initializing
10 info lifecycle reactive-store@1.0.2~prepublish: reactive-store@1.0.2
11 silly lifecycle reactive-store@1.0.2~prepublish: no script for prepublish, continuing
12 verbose tar pack [ '/Users/Scott.Burch/.npm/reactive-store/1.0.2/package.tgz',
12 verbose tar pack   '/Users/Scott.Burch/work/libs/reactiveStore' ]
13 verbose tarball /Users/Scott.Burch/.npm/reactive-store/1.0.2/package.tgz
14 verbose folder /Users/Scott.Burch/work/libs/reactiveStore
15 verbose addLocalTarball adding from inside cache /Users/Scott.Burch/.npm/reactive-store/1.0.2/package.tgz
16 verbose correctMkdir /Users/Scott.Burch/.npm correctMkdir not in flight; initializing
17 silly cache afterAdd reactive-store@1.0.2
18 verbose afterAdd /Users/Scott.Burch/.npm/reactive-store/1.0.2/package/package.json not in flight; writing
19 verbose correctMkdir /Users/Scott.Burch/.npm correctMkdir not in flight; initializing
20 verbose afterAdd /Users/Scott.Burch/.npm/reactive-store/1.0.2/package/package.json written
21 silly publish { name: 'reactive-store',
21 silly publish   version: '1.0.2',
21 silly publish   description: 'A central reactive store',
21 silly publish   main: 'src/ReactiveStore.js',
21 silly publish   directories: { test: 'test' },
21 silly publish   dependencies: { lodash: '~3.10.0', ramda: '~0.18.0' },
21 silly publish   devDependencies:
21 silly publish    { 'babel-core': '^6.2.1',
21 silly publish      'babel-loader': '^6.2.0',
21 silly publish      'babel-polyfill': '^6.2.0',
21 silly publish      'babel-preset-es2015': '^6.1.18',
21 silly publish      'babel-preset-react': '^6.1.18',
21 silly publish      'webpack-beep-plugin': '0.0.1' },
21 silly publish   scripts: { test: 'jasmine', dist: './scripts/dist.sh' },
21 silly publish   repository:
21 silly publish    { type: 'git',
21 silly publish      url: 'git://github.com/scottburch/reactiveStore.git' },
21 silly publish   keywords: [ 'react', 'reactive store' ],
21 silly publish   author: { name: 'Scott Burch', url: 'scott@bulldoginfo.com' },
21 silly publish   license: 'MIT',
21 silly publish   bugs: { url: 'https://github.com/scottburch/reactiveStore/issues' },
21 silly publish   readme: 'reactiveStore\n=============\n\nA reactive store inspired by Meteor Session/Autorun.\nI designed this to work either stand-alone or with Facebook\'s React.js\n\n## Usage\n\n### Core Methods\n\n**.set( keyName, value )** Sets a value in the store, e.g.:\n\n    reactiveStore.set("foo", "bar"); // creates: { foo: "bar" }\n\n**.get( keyName )** Gets a value from the store, e.g.:\n\n    reactiveStore.get(\'foo\'); // returns: "bar"\n    \n**.dump( )** Returns entire JSON object of values currently in the store, e.g.:\n\n    reactiveStore.dump(); // returns: { foo: "bar" }\n\n**.dump( keyName )** (Optional: keyName param) Returns one value from the store, e.g.:\n\n    reactiveStore.dump(\'foo\'); // returns: "bar"\n    \n**.load( object )** Loads JSON object into the store, e.g.:\n\n    reactiveStore.load({foo:"bar"});\n    reactiveStore.dump(); // returns: {foo:"bar"}\n\n**.wipe(  )** Clears all values currently in the store, e.g.:\n    \n    reactiveStore.dump(); // returns: { foo: "bar" }\n    reactiveStore.wipe(); // returns: {}\n    reactiveStore.dump(); // returns: {}\n    \n**.raw(  )** Returns the raw data structure of the current store.\n\n**.debug[.on() || .off()]** Turns debugging on/off, e.g:\n\n    reactiveStore.debug.on(); // debug mode is on\n    reactiveStore.debug.off(); // debug mode is off\n    \n### Reactive Methods\n\n**.autorun( fn )** Accepts a function to be autorun ala Meteor.\n\n    /*example here*/\n\n**.nonReactive( fn )** Accepts a function to be excepted from a parent instance of autorun.\n\n    /*example here*/',
21 silly publish   readmeFilename: 'README.md',
21 silly publish   gitHead: '75b85d4ac72cc7d858fc54698b635ac7219aaa5b',
21 silly publish   homepage: 'https://github.com/scottburch/reactiveStore#readme',
21 silly publish   _id: 'reactive-store@1.0.2',
21 silly publish   _shasum: '59c4ca92d25f10f64623b131b9fe047b60046f8f',
21 silly publish   _from: '.' }
22 verbose getPublishConfig undefined
23 silly mapToRegistry name reactive-store
24 silly mapToRegistry using default registry
25 silly mapToRegistry registry https://registry.npmjs.org/
26 silly mapToRegistry data Result {
26 silly mapToRegistry   raw: 'reactive-store',
26 silly mapToRegistry   scope: null,
26 silly mapToRegistry   name: 'reactive-store',
26 silly mapToRegistry   rawSpec: '',
26 silly mapToRegistry   spec: 'latest',
26 silly mapToRegistry   type: 'tag' }
27 silly mapToRegistry uri https://registry.npmjs.org/reactive-store
28 verbose publish registryBase https://registry.npmjs.org/
29 silly publish uploading /Users/Scott.Burch/.npm/reactive-store/1.0.2/package.tgz
30 verbose request uri https://registry.npmjs.org/reactive-store
31 verbose request sending authorization for write operation
32 info attempt registry request try #1 at 11:32:40 PM
33 verbose request id d0737908119f0fda
34 http request PUT https://registry.npmjs.org/reactive-store
35 http 403 https://registry.npmjs.org/reactive-store
36 verbose headers { 'content-type': 'application/json',
36 verbose headers   'cache-control': 'max-age=300',
36 verbose headers   'content-length': '95',
36 verbose headers   'accept-ranges': 'bytes',
36 verbose headers   date: 'Tue, 09 Aug 2016 06:32:42 GMT',
36 verbose headers   via: '1.1 varnish',
36 verbose headers   connection: 'keep-alive',
36 verbose headers   'x-served-by': 'cache-sjc3131-SJC',
36 verbose headers   'x-cache': 'MISS',
36 verbose headers   'x-cache-hits': '0',
36 verbose headers   'x-timer': 'S1470724361.261623,VS0,VE1379',
36 verbose headers   vary: 'Accept-Encoding' }
37 verbose request invalidating /Users/Scott.Burch/.npm/registry.npmjs.org/reactive-store on PUT
38 error publish Failed PUT 403
39 verbose stack Error: "You cannot publish over the previously published version 1.0.2." : reactive-store
39 verbose stack     at makeError (/usr/local/lib/node_modules/npm/node_modules/npm-registry-client/lib/request.js:264:12)
39 verbose stack     at CachingRegistryClient.<anonymous> (/usr/local/lib/node_modules/npm/node_modules/npm-registry-client/lib/request.js:252:14)
39 verbose stack     at Request._callback (/usr/local/lib/node_modules/npm/node_modules/npm-registry-client/lib/request.js:172:14)
39 verbose stack     at Request.self.callback (/usr/local/lib/node_modules/npm/node_modules/request/request.js:200:22)
39 verbose stack     at emitTwo (events.js:106:13)
39 verbose stack     at Request.emit (events.js:191:7)
39 verbose stack     at Request.<anonymous> (/usr/local/lib/node_modules/npm/node_modules/request/request.js:1067:10)
39 verbose stack     at emitOne (events.js:101:20)
39 verbose stack     at Request.emit (events.js:188:7)
39 verbose stack     at IncomingMessage.<anonymous> (/usr/local/lib/node_modules/npm/node_modules/request/request.js:988:12)
40 verbose statusCode 403
41 verbose pkgid reactive-store
42 verbose cwd /Users/Scott.Burch/work/libs/reactiveStore
43 error Darwin 15.5.0
44 error argv "/usr/local/Cellar/node/6.2.2/bin/node" "/usr/local/bin/npm" "publish"
45 error node v6.2.2
46 error npm  v3.9.5
47 error code E403
48 error "You cannot publish over the previously published version 1.0.2." : reactive-store
49 error If you need help, you may report this error at:
49 error     <https://github.com/npm/npm/issues>
50 verbose exit [ 1, true ]
